TN:
SF:/Users/home/workspace/current/overwatch-ui/src/assets/icons/index.js
FN:1,(anonymous_0)
FN:1,(anonymous_1)
FN:1,(anonymous_2)
FN:1,(anonymous_3)
FN:1,(anonymous_4)
FN:1,(anonymous_5)
FN:1,(anonymous_6)
FNF:7
FNH:4
FNDA:14,(anonymous_0)
FNDA:14,(anonymous_1)
FNDA:14,(anonymous_2)
FNDA:0,(anonymous_3)
FNDA:0,(anonymous_4)
FNDA:0,(anonymous_5)
FNDA:14,(anonymous_6)
DA:1,14
LF:1
LH:1
BRDA:1,0,0,0
BRDA:1,0,1,14
BRDA:1,1,0,14
BRDA:1,1,1,0
BRDA:1,2,0,0
BRDA:1,2,1,0
BRDA:1,3,0,14
BRDA:1,3,1,0
BRDA:1,4,0,0
BRDA:1,4,1,14
BRDA:1,5,0,0
BRDA:1,5,1,0
BRDA:1,6,0,0
BRDA:1,6,1,0
BRDA:1,7,0,0
BRDA:1,7,1,0
BRDA:1,8,0,14
BRDA:1,8,1,14
BRDA:1,9,0,14
BRDA:1,9,1,0
BRF:20
BRH:7
end_of_record
TN:
SF:/Users/home/workspace/current/overwatch-ui/src/components/Icon/OwIcon.vue
FN:36,(anonymous_0)
FN:43,(anonymous_1)
FNF:2
FNH:2
FNDA:46,(anonymous_0)
FNDA:46,(anonymous_1)
DA:37,46
DA:44,46
LF:2
LH:2
BRF:0
BRH:0
end_of_record
TN:
SF:/Users/home/workspace/current/overwatch-ui/src/components/Button/OwButton.vue
FN:28,(anonymous_0)
FN:39,(anonymous_1)
FN:45,(anonymous_2)
FNF:3
FNH:2
FNDA:0,(anonymous_0)
FNDA:50,(anonymous_1)
FNDA:24,(anonymous_2)
DA:29,0
DA:40,50
DA:46,24
LF:3
LH:2
BRF:0
BRH:0
end_of_record
TN:
SF:/Users/home/workspace/current/overwatch-ui/src/components/Alert/OwAlert.vue
FN:45,(anonymous_0)
FN:55,(anonymous_1)
FN:56,(anonymous_2)
FN:61,(anonymous_3)
FN:71,(anonymous_4)
FN:74,(anonymous_5)
FN:77,(anonymous_6)
FN:84,(anonymous_7)
FN:88,(anonymous_8)
FN:90,(anonymous_9)
FN:95,(anonymous_10)
FN:100,(anonymous_11)
FNF:12
FNH:11
FNDA:4,(anonymous_0)
FNDA:3,(anonymous_1)
FNDA:0,(anonymous_2)
FNDA:8,(anonymous_3)
FNDA:8,(anonymous_4)
FNDA:7,(anonymous_5)
FNDA:8,(anonymous_6)
FNDA:4,(anonymous_7)
FNDA:4,(anonymous_8)
FNDA:1,(anonymous_9)
FNDA:2,(anonymous_10)
FNDA:1,(anonymous_11)
DA:46,4
DA:56,3
DA:62,8
DA:69,8
DA:72,8
DA:75,7
DA:78,8
DA:85,4
DA:89,4
DA:90,1
DA:91,1
DA:96,2
DA:97,2
DA:98,2
DA:101,1
DA:103,1
DA:105,1
LF:17
LH:17
BRDA:75,0,0,4
BRDA:75,0,1,3
BRDA:89,1,0,1
BRDA:89,1,1,3
BRDA:103,2,0,1
BRDA:103,2,1,0
BRDA:103,3,0,1
BRDA:103,3,1,1
BRF:8
BRH:7
end_of_record
TN:
SF:/Users/home/workspace/current/overwatch-ui/tests/utils.js
FN:1,testProperty
FN:4,initFiles
FNF:2
FNH:2
FNDA:11,testProperty
FNDA:1,initFiles
DA:2,11
DA:5,1
DA:6,1
DA:7,1
DA:8,1
DA:10,1
LF:6
LH:6
BRF:0
BRH:0
end_of_record
TN:
SF:/Users/home/workspace/current/overwatch-ui/tests/unit/Alert/OwAlert.spec.js
FN:19,(anonymous_0)
FN:21,(anonymous_1)
FN:26,(anonymous_2)
FN:28,(anonymous_3)
FN:32,(anonymous_4)
FN:34,(anonymous_5)
FN:39,(anonymous_6)
FN:41,(anonymous_7)
FN:46,(anonymous_8)
FN:48,(anonymous_9)
FN:53,(anonymous_10)
FN:58,(anonymous_11)
FN:63,(anonymous_12)
FNF:13
FNH:13
FNDA:1,(anonymous_0)
FNDA:1,(anonymous_1)
FNDA:1,(anonymous_2)
FNDA:5,(anonymous_3)
FNDA:1,(anonymous_4)
FNDA:2,(anonymous_5)
FNDA:1,(anonymous_6)
FNDA:2,(anonymous_7)
FNDA:1,(anonymous_8)
FNDA:5,(anonymous_9)
FNDA:1,(anonymous_10)
FNDA:1,(anonymous_11)
FNDA:1,(anonymous_12)
DA:8,1
DA:19,1
DA:21,1
DA:22,1
DA:23,1
DA:26,1
DA:27,1
DA:28,1
DA:29,5
DA:32,1
DA:33,1
DA:34,1
DA:35,2
DA:36,2
DA:39,1
DA:40,1
DA:41,1
DA:42,2
DA:43,2
DA:46,1
DA:47,1
DA:48,1
DA:49,5
DA:50,5
DA:53,1
DA:54,1
DA:55,1
DA:58,1
DA:59,1
DA:60,1
DA:63,1
DA:64,1
DA:65,1
DA:69,1
DA:71,1
DA:72,1
LF:36
LH:36
BRF:0
BRH:0
end_of_record
TN:
SF:/Users/home/workspace/current/overwatch-ui/src/components/Badge/OwBadge.vue
FN:24,(anonymous_0)
FN:29,(anonymous_1)
FNF:2
FNH:2
FNDA:1,(anonymous_0)
FNDA:1,(anonymous_1)
DA:25,1
DA:30,1
LF:2
LH:2
BRF:0
BRH:0
end_of_record
TN:
SF:/Users/home/workspace/current/overwatch-ui/tests/unit/Badge/OwBadge.spec.js
FN:5,(anonymous_0)
FN:6,(anonymous_1)
FNF:2
FNH:2
FNDA:1,(anonymous_0)
FNDA:1,(anonymous_1)
DA:5,1
DA:6,1
DA:7,1
DA:8,1
LF:4
LH:4
BRF:0
BRH:0
end_of_record
TN:
SF:/Users/home/workspace/current/overwatch-ui/src/components/Blood/OwBlood.vue
FN:55,(anonymous_0)
FN:60,(anonymous_1)
FNF:2
FNH:2
FNDA:5,(anonymous_0)
FNDA:40,(anonymous_1)
DA:56,5
DA:61,40
LF:2
LH:2
BRDA:63,0,0,8
BRDA:63,0,1,32
BRF:2
BRH:2
end_of_record
TN:
SF:/Users/home/workspace/current/overwatch-ui/tests/unit/Blood/OwBlood.spec.js
FN:5,(anonymous_0)
FN:6,(anonymous_1)
FN:10,(anonymous_2)
FN:18,(anonymous_3)
FN:27,(anonymous_4)
FN:36,(anonymous_5)
FNF:6
FNH:6
FNDA:1,(anonymous_0)
FNDA:1,(anonymous_1)
FNDA:1,(anonymous_2)
FNDA:1,(anonymous_3)
FNDA:1,(anonymous_4)
FNDA:1,(anonymous_5)
DA:5,1
DA:6,1
DA:7,1
DA:8,1
DA:10,1
DA:11,1
DA:16,1
DA:18,1
DA:19,1
DA:25,1
DA:27,1
DA:28,1
DA:34,1
DA:36,1
DA:37,1
DA:45,1
DA:46,1
DA:47,1
LF:18
LH:18
BRF:0
BRH:0
end_of_record
TN:
SF:/Users/home/workspace/current/overwatch-ui/tests/unit/Button/OwButton.spec.js
FN:16,(anonymous_0)
FN:18,(anonymous_1)
FN:23,(anonymous_2)
FN:27,(anonymous_3)
FN:31,(anonymous_4)
FN:34,(anonymous_5)
FN:39,(anonymous_6)
FN:41,(anonymous_7)
FN:49,(anonymous_8)
FN:57,(anonymous_9)
FN:59,(anonymous_10)
FN:66,(anonymous_11)
FN:67,(anonymous_12)
FNF:13
FNH:13
FNDA:1,(anonymous_0)
FNDA:1,(anonymous_1)
FNDA:1,(anonymous_2)
FNDA:4,(anonymous_3)
FNDA:1,(anonymous_4)
FNDA:2,(anonymous_5)
FNDA:1,(anonymous_6)
FNDA:2,(anonymous_7)
FNDA:1,(anonymous_8)
FNDA:1,(anonymous_9)
FNDA:4,(anonymous_10)
FNDA:1,(anonymous_11)
FNDA:1,(anonymous_12)
DA:8,1
DA:16,1
DA:18,1
DA:19,1
DA:20,1
DA:23,1
DA:24,1
DA:25,1
DA:27,1
DA:28,4
DA:31,1
DA:32,1
DA:34,1
DA:35,2
DA:36,2
DA:39,1
DA:40,1
DA:41,1
DA:42,2
DA:46,2
DA:49,1
DA:50,1
DA:51,1
DA:55,1
DA:57,1
DA:58,1
DA:59,1
DA:60,4
DA:61,4
DA:66,1
DA:67,1
DA:68,1
DA:69,1
DA:70,1
DA:76,1
DA:78,1
LF:36
LH:36
BRF:0
BRH:0
end_of_record
TN:
SF:/Users/home/workspace/current/overwatch-ui/src/components/Carousel/OwCarousel.vue
FN:53,(anonymous_0)
FN:62,(anonymous_1)
FN:63,(anonymous_2)
FN:65,(anonymous_3)
FN:69,(anonymous_4)
FN:70,(anonymous_5)
FN:77,(anonymous_6)
FN:89,(anonymous_7)
FN:93,(anonymous_8)
FN:97,(anonymous_9)
FN:107,(anonymous_10)
FN:113,(anonymous_11)
FN:117,(anonymous_12)
FN:123,(anonymous_13)
FN:126,(anonymous_14)
FN:129,(anonymous_15)
FN:132,(anonymous_16)
FN:133,(anonymous_17)
FN:135,(anonymous_18)
FN:140,(anonymous_19)
FN:147,(anonymous_20)
FN:162,(anonymous_21)
FN:166,(anonymous_22)
FN:169,(anonymous_23)
FN:173,(anonymous_24)
FN:179,(anonymous_25)
FNF:26
FNH:18
FNDA:5,(anonymous_0)
FNDA:4,(anonymous_1)
FNDA:12,(anonymous_2)
FNDA:4,(anonymous_3)
FNDA:5,(anonymous_4)
FNDA:22,(anonymous_5)
FNDA:51,(anonymous_6)
FNDA:5,(anonymous_7)
FNDA:1,(anonymous_8)
FNDA:4,(anonymous_9)
FNDA:3,(anonymous_10)
FNDA:2,(anonymous_11)
FNDA:0,(anonymous_12)
FNDA:0,(anonymous_13)
FNDA:0,(anonymous_14)
FNDA:58,(anonymous_15)
FNDA:18,(anonymous_16)
FNDA:51,(anonymous_17)
FNDA:51,(anonymous_18)
FNDA:0,(anonymous_19)
FNDA:0,(anonymous_20)
FNDA:0,(anonymous_21)
FNDA:0,(anonymous_22)
FNDA:0,(anonymous_23)
FNDA:5,(anonymous_24)
FNDA:13,(anonymous_25)
DA:54,5
DA:63,12
DA:66,4
DA:67,4
DA:70,22
DA:78,51
DA:79,51
DA:80,18
DA:81,0
DA:83,18
DA:84,0
DA:87,51
DA:90,5
DA:91,3
DA:93,2
DA:94,1
DA:98,4
DA:99,4
DA:100,0
DA:102,4
DA:103,0
DA:105,4
DA:108,3
DA:109,3
DA:111,3
DA:113,3
DA:114,2
DA:119,0
DA:121,0
DA:124,0
DA:127,0
DA:130,58
DA:133,18
DA:134,51
DA:135,51
DA:136,51
DA:141,0
DA:142,0
DA:144,0
DA:145,0
DA:148,0
DA:149,0
DA:150,0
DA:152,0
DA:153,0
DA:155,0
DA:156,0
DA:159,0
DA:162,0
DA:163,0
DA:167,0
DA:170,0
DA:174,5
DA:175,5
DA:176,5
DA:177,5
DA:180,13
LF:57
LH:33
BRDA:67,0,0,0
BRDA:67,0,1,4
BRDA:79,1,0,18
BRDA:79,1,1,33
BRDA:80,2,0,0
BRDA:80,2,1,18
BRDA:80,3,0,18
BRDA:80,3,1,0
BRDA:83,4,0,0
BRDA:83,4,1,18
BRDA:83,5,0,18
BRDA:83,5,1,12
BRDA:90,6,0,3
BRDA:90,6,1,2
BRDA:90,7,0,5
BRDA:90,7,1,5
BRDA:99,8,0,0
BRDA:99,8,1,4
BRDA:102,9,0,0
BRDA:102,9,1,4
BRDA:130,10,0,58
BRDA:130,10,1,10
BRDA:141,11,0,0
BRDA:141,11,1,0
BRDA:152,12,0,0
BRDA:152,12,1,0
BRDA:155,13,0,0
BRDA:155,13,1,0
BRF:28
BRH:16
end_of_record
TN:
SF:/Users/home/workspace/current/overwatch-ui/src/components/Carousel/OwCarouselItem.vue
FN:18,(anonymous_0)
FN:25,(anonymous_1)
FNF:2
FNH:2
FNDA:12,(anonymous_0)
FNDA:24,(anonymous_1)
DA:19,12
DA:26,24
LF:2
LH:2
BRF:0
BRH:0
end_of_record
TN:
SF:/Users/home/workspace/current/overwatch-ui/tests/unit/Carousel/OwCarousel.spec.js
FN:7,(anonymous_0)
FN:8,(anonymous_1)
FN:13,(anonymous_2)
FN:31,(anonymous_3)
FN:37,(anonymous_4)
FN:55,(anonymous_5)
FN:61,(anonymous_6)
FN:78,(anonymous_7)
FN:85,(anonymous_8)
FN:90,(anonymous_9)
FN:112,(anonymous_10)
FNF:11
FNH:11
FNDA:1,(anonymous_0)
FNDA:1,(anonymous_1)
FNDA:1,(anonymous_2)
FNDA:1,(anonymous_3)
FNDA:1,(anonymous_4)
FNDA:1,(anonymous_5)
FNDA:1,(anonymous_6)
FNDA:1,(anonymous_7)
FNDA:1,(anonymous_8)
FNDA:1,(anonymous_9)
FNDA:1,(anonymous_10)
DA:7,1
DA:8,1
DA:9,1
DA:10,1
DA:13,1
DA:14,1
DA:31,1
DA:32,1
DA:33,1
DA:37,1
DA:38,1
DA:55,1
DA:56,1
DA:57,1
DA:61,1
DA:62,1
DA:79,1
DA:80,1
DA:85,1
DA:86,1
DA:90,1
DA:91,1
DA:92,1
DA:112,1
DA:113,1
DA:114,1
LF:26
LH:26
BRF:0
BRH:0
end_of_record
TN:
SF:/Users/home/workspace/current/overwatch-ui/src/assets/scripts/utils.js
FN:1,deepClone
FN:4,findTreeNodeById
FN:23,unique
FN:24,(anonymous_3)
FN:26,ajaxCore
FN:29,(anonymous_5)
FN:32,(anonymous_6)
FN:38,(anonymous_7)
FN:39,(anonymous_8)
FNF:9
FNH:4
FNDA:3,deepClone
FNDA:4,findTreeNodeById
FNDA:4,unique
FNDA:28,(anonymous_3)
FNDA:0,ajaxCore
FNDA:0,(anonymous_5)
FNDA:0,(anonymous_6)
FNDA:0,(anonymous_7)
FNDA:0,(anonymous_8)
DA:2,3
DA:5,4
DA:6,2
DA:8,2
DA:10,3
DA:11,1
DA:15,2
DA:16,2
DA:17,1
DA:21,0
DA:24,28
DA:27,0
DA:28,0
DA:29,0
DA:30,0
DA:32,0
DA:33,0
DA:35,0
DA:37,7
DA:40,0
LF:20
LH:11
BRDA:5,0,0,2
BRDA:5,0,1,2
BRDA:5,1,0,4
BRDA:5,1,1,2
BRDA:10,2,0,1
BRDA:10,2,1,2
BRDA:16,3,0,1
BRDA:16,3,1,1
BRDA:30,4,0,0
BRDA:30,4,1,0
BRDA:33,5,0,0
BRDA:33,5,1,0
BRF:12
BRH:8
end_of_record
TN:
SF:/Users/home/workspace/current/overwatch-ui/src/directives/ClickOutside.js
FN:2,(anonymous_0)
FN:4,(anonymous_1)
FN:11,(anonymous_2)
FN:18,(anonymous_3)
FNF:4
FNH:3
FNDA:8,(anonymous_0)
FNDA:25,(anonymous_1)
FNDA:0,(anonymous_2)
FNDA:19,(anonymous_3)
DA:1,4
DA:2,4
DA:3,8
DA:4,8
DA:5,25
DA:6,1
DA:8,24
DA:11,4
DA:12,0
DA:15,4
DA:19,19
LF:11
LH:10
BRDA:5,0,0,1
BRDA:5,0,1,24
BRDA:5,1,0,25
BRDA:5,1,1,25
BRF:4
BRH:4
end_of_record
TN:
SF:/Users/home/workspace/current/overwatch-ui/src/components/Input/OwInput.vue
FN:48,(anonymous_0)
FN:58,(anonymous_1)
FN:63,(anonymous_2)
FNF:3
FNH:2
FNDA:0,(anonymous_0)
FNDA:9,(anonymous_1)
FNDA:4,(anonymous_2)
DA:49,0
DA:59,9
DA:64,4
DA:70,4
LF:4
LH:3
BRF:0
BRH:0
end_of_record
TN:
SF:/Users/home/workspace/current/overwatch-ui/src/components/Cascader/OwCascaderList.vue
FN:45,(anonymous_0)
FN:56,(anonymous_1)
FN:59,(anonymous_2)
FN:65,(anonymous_3)
FN:68,(anonymous_4)
FN:76,(anonymous_5)
FN:85,(anonymous_6)
FN:88,(anonymous_7)
FNF:8
FNH:2
FNDA:0,(anonymous_0)
FNDA:0,(anonymous_1)
FNDA:1,(anonymous_2)
FNDA:1,(anonymous_3)
FNDA:0,(anonymous_4)
FNDA:0,(anonymous_5)
FNDA:0,(anonymous_6)
FNDA:0,(anonymous_7)
DA:45,0
DA:56,0
DA:60,1
DA:67,1
DA:68,0
DA:69,0
DA:70,0
DA:77,0
DA:78,0
DA:80,0
DA:82,0
DA:83,0
DA:86,0
DA:89,0
LF:14
LH:2
BRDA:67,0,0,0
BRDA:67,0,1,1
BRDA:67,1,0,1
BRDA:67,1,1,1
BRDA:69,2,0,0
BRDA:69,2,1,0
BRDA:69,3,0,0
BRDA:69,3,1,0
BRDA:69,3,2,0
BRDA:89,4,0,0
BRDA:89,4,1,0
BRF:11
BRH:3
end_of_record
TN:
SF:/Users/home/workspace/current/overwatch-ui/src/components/Cascader/OwCascader.vue
FN:34,(anonymous_0)
FN:50,(anonymous_1)
FN:57,(anonymous_2)
FN:62,(anonymous_3)
FN:63,(anonymous_4)
FN:74,(anonymous_5)
FN:77,(anonymous_6)
FN:80,(anonymous_7)
FN:88,(anonymous_8)
FN:92,(anonymous_9)
FN:97,(anonymous_10)
FNF:11
FNH:5
FNDA:2,(anonymous_0)
FNDA:2,(anonymous_1)
FNDA:2,(anonymous_2)
FNDA:2,(anonymous_3)
FNDA:0,(anonymous_4)
FNDA:0,(anonymous_5)
FNDA:4,(anonymous_6)
FNDA:0,(anonymous_7)
FNDA:0,(anonymous_8)
FNDA:0,(anonymous_9)
FNDA:0,(anonymous_10)
DA:34,2
DA:51,2
DA:58,2
DA:63,2
DA:75,0
DA:78,4
DA:81,0
DA:82,0
DA:85,0
DA:89,0
DA:90,0
DA:93,0
DA:94,0
DA:95,0
DA:97,0
DA:99,0
DA:101,0
DA:102,0
DA:103,0
DA:104,0
DA:106,0
DA:107,0
LF:22
LH:5
BRDA:81,0,0,0
BRDA:81,0,1,0
BRDA:94,1,0,0
BRDA:94,1,1,0
BRDA:94,2,0,0
BRDA:94,2,1,0
BRF:6
BRH:0
end_of_record
TN:
SF:/Users/home/workspace/current/overwatch-ui/tests/unit/Cascader/OwCascader.spec.js
FN:14,(anonymous_0)
FN:16,(anonymous_1)
FN:21,(anonymous_2)
FNF:3
FNH:3
FNDA:1,(anonymous_0)
FNDA:1,(anonymous_1)
FNDA:1,(anonymous_2)
DA:6,1
DA:14,1
DA:16,1
DA:17,1
DA:18,1
DA:21,1
DA:22,1
DA:23,1
LF:8
LH:8
BRF:0
BRH:0
end_of_record
TN:
SF:/Users/home/workspace/current/overwatch-ui/src/components/Collapse/OwCollapseGroup.vue
FN:13,(anonymous_0)
FN:27,(anonymous_1)
FN:32,(anonymous_2)
FN:40,(anonymous_3)
FN:45,(anonymous_4)
FN:48,(anonymous_5)
FN:49,(anonymous_6)
FN:59,(anonymous_7)
FN:60,(anonymous_8)
FN:70,(anonymous_9)
FN:74,(anonymous_10)
FN:78,(anonymous_11)
FN:87,(anonymous_12)
FNF:13
FNH:11
FNDA:5,(anonymous_0)
FNDA:5,(anonymous_1)
FNDA:5,(anonymous_2)
FNDA:5,(anonymous_3)
FNDA:5,(anonymous_4)
FNDA:5,(anonymous_5)
FNDA:2,(anonymous_6)
FNDA:5,(anonymous_7)
FNDA:0,(anonymous_8)
FNDA:5,(anonymous_9)
FNDA:2,(anonymous_10)
FNDA:2,(anonymous_11)
FNDA:0,(anonymous_12)
DA:14,5
DA:28,5
DA:33,5
DA:35,5
DA:37,5
DA:41,5
DA:42,0
DA:46,5
DA:49,5
DA:50,2
DA:53,2
DA:56,2
DA:60,5
DA:61,0
DA:64,0
DA:67,0
DA:71,5
DA:72,5
DA:75,2
DA:76,2
DA:79,2
DA:80,1
DA:83,1
DA:85,2
DA:88,0
DA:89,0
DA:91,0
LF:27
LH:20
BRDA:41,0,0,0
BRDA:41,0,1,5
BRDA:41,1,0,5
BRDA:41,1,1,4
BRDA:79,2,0,1
BRDA:79,2,1,1
BRF:6
BRH:5
end_of_record
TN:
SF:/Users/home/workspace/current/overwatch-ui/src/components/Collapse/OwCollapse.vue
FN:30,(anonymous_0)
FN:35,(anonymous_1)
FN:36,(anonymous_2)
FN:42,(anonymous_3)
FNF:4
FNH:4
FNDA:12,(anonymous_0)
FNDA:12,(anonymous_1)
FNDA:18,(anonymous_2)
FNDA:2,(anonymous_3)
DA:31,12
DA:36,12
DA:38,18
DA:43,2
DA:44,0
DA:47,2
LF:6
LH:5
BRDA:43,0,0,0
BRDA:43,0,1,2
BRF:2
BRH:1
end_of_record
TN:
SF:/Users/home/workspace/current/overwatch-ui/tests/unit/Collapse/OwCollapse.spec.js
FN:17,(anonymous_0)
FN:18,(anonymous_1)
FN:30,(anonymous_2)
FN:31,(anonymous_3)
FN:43,(anonymous_4)
FN:58,(anonymous_5)
FN:69,(anonymous_6)
FNF:7
FNH:7
FNDA:1,(anonymous_0)
FNDA:1,(anonymous_1)
FNDA:1,(anonymous_2)
FNDA:1,(anonymous_3)
FNDA:1,(anonymous_4)
FNDA:1,(anonymous_5)
FNDA:1,(anonymous_6)
DA:8,1
DA:17,1
DA:18,1
DA:19,1
DA:27,1
DA:30,1
DA:31,1
DA:32,1
DA:41,1
DA:43,1
DA:44,1
DA:53,1
DA:55,1
DA:56,1
DA:58,1
DA:59,1
DA:68,1
DA:69,1
DA:70,1
DA:71,1
LF:20
LH:20
BRF:0
BRH:0
end_of_record
TN:
SF:/Users/home/workspace/current/overwatch-ui/tests/unit/Collapse/OwCollapseGroup.spec.js
FN:16,(anonymous_0)
FN:18,(anonymous_1)
FN:28,(anonymous_2)
FN:29,(anonymous_3)
FNF:4
FNH:4
FNDA:1,(anonymous_0)
FNDA:1,(anonymous_1)
FNDA:1,(anonymous_2)
FNDA:1,(anonymous_3)
DA:5,1
DA:16,1
DA:18,1
DA:19,1
DA:25,1
DA:28,1
DA:29,1
LF:7
LH:7
BRF:0
BRH:0
end_of_record
TN:
SF:/Users/home/workspace/current/overwatch-ui/src/components/Hero/OwHero.vue
FN:16,(anonymous_0)
FN:29,(anonymous_1)
FN:32,(anonymous_2)
FN:37,(anonymous_3)
FNF:4
FNH:4
FNDA:1,(anonymous_0)
FNDA:5,(anonymous_1)
FNDA:5,(anonymous_2)
FNDA:5,(anonymous_3)
DA:17,1
DA:30,5
DA:33,5
DA:38,5
LF:4
LH:4
BRDA:34,0,0,1
BRDA:34,0,1,4
BRF:2
BRH:2
end_of_record
TN:
SF:/Users/home/workspace/current/overwatch-ui/tests/unit/Hero/OwHero.spec.js
FN:5,(anonymous_0)
FN:6,(anonymous_1)
FN:11,(anonymous_2)
FN:21,(anonymous_3)
FN:32,(anonymous_4)
FN:43,(anonymous_5)
FNF:6
FNH:6
FNDA:1,(anonymous_0)
FNDA:1,(anonymous_1)
FNDA:1,(anonymous_2)
FNDA:1,(anonymous_3)
FNDA:1,(anonymous_4)
FNDA:1,(anonymous_5)
DA:5,1
DA:6,1
DA:7,1
DA:8,1
DA:11,1
DA:12,1
DA:18,1
DA:21,1
DA:22,1
DA:29,1
DA:32,1
DA:33,1
DA:40,1
DA:43,1
DA:44,1
DA:49,1
LF:16
LH:16
BRF:0
BRH:0
end_of_record
TN:
SF:/Users/home/workspace/current/overwatch-ui/tests/unit/Icon/OwIcon.spec.js
FN:12,(anonymous_0)
FN:15,(anonymous_1)
FN:19,(anonymous_2)
FN:23,(anonymous_3)
FN:29,(anonymous_4)
FN:33,(anonymous_5)
FN:38,(anonymous_6)
FNF:7
FNH:7
FNDA:1,(anonymous_0)
FNDA:3,(anonymous_1)
FNDA:1,(anonymous_2)
FNDA:2,(anonymous_3)
FNDA:1,(anonymous_4)
FNDA:1,(anonymous_5)
FNDA:1,(anonymous_6)
DA:6,1
DA:12,1
DA:13,1
DA:15,1
DA:16,3
DA:19,1
DA:20,1
DA:21,1
DA:23,1
DA:24,2
DA:25,2
DA:26,2
DA:29,1
DA:30,1
DA:31,1
DA:33,1
DA:34,1
DA:35,1
DA:38,1
DA:39,1
DA:40,1
DA:42,1
LF:22
LH:22
BRF:0
BRH:0
end_of_record
TN:
SF:/Users/home/workspace/current/overwatch-ui/tests/unit/Input/OwInput.spec.js
FN:18,(anonymous_0)
FN:20,(anonymous_1)
FN:25,(anonymous_2)
FN:27,(anonymous_3)
FN:31,(anonymous_4)
FN:34,(anonymous_5)
FN:40,(anonymous_6)
FN:47,(anonymous_7)
FN:54,(anonymous_8)
FN:57,(anonymous_9)
FN:63,(anonymous_10)
FN:68,(anonymous_11)
FN:76,(anonymous_12)
FN:77,(anonymous_13)
FN:81,(anonymous_14)
FNF:15
FNH:15
FNDA:1,(anonymous_0)
FNDA:1,(anonymous_1)
FNDA:1,(anonymous_2)
FNDA:5,(anonymous_3)
FNDA:1,(anonymous_4)
FNDA:1,(anonymous_5)
FNDA:1,(anonymous_6)
FNDA:1,(anonymous_7)
FNDA:1,(anonymous_8)
FNDA:1,(anonymous_9)
FNDA:1,(anonymous_10)
FNDA:3,(anonymous_11)
FNDA:1,(anonymous_12)
FNDA:1,(anonymous_13)
FNDA:3,(anonymous_14)
DA:6,1
DA:18,1
DA:20,1
DA:21,1
DA:22,1
DA:25,1
DA:26,1
DA:27,1
DA:28,5
DA:31,1
DA:32,1
DA:34,1
DA:35,1
DA:36,1
DA:40,1
DA:41,1
DA:42,1
DA:44,1
DA:47,1
DA:48,1
DA:49,1
DA:51,1
DA:54,1
DA:55,1
DA:57,1
DA:58,1
DA:59,1
DA:63,1
DA:64,1
DA:66,1
DA:68,1
DA:69,3
DA:71,3
DA:76,1
DA:77,1
DA:78,1
DA:79,1
DA:81,1
DA:82,3
DA:88,3
DA:90,3
LF:41
LH:41
BRF:0
BRH:0
end_of_record
TN:
SF:/Users/home/workspace/current/overwatch-ui/src/components/Label/OwLabel.vue
FN:38,(anonymous_0)
FN:45,(anonymous_1)
FN:48,(anonymous_2)
FN:53,(anonymous_3)
FNF:4
FNH:4
FNDA:3,(anonymous_0)
FNDA:1,(anonymous_1)
FNDA:6,(anonymous_2)
FNDA:3,(anonymous_3)
DA:39,3
DA:46,1
DA:49,6
DA:54,3
LF:4
LH:4
BRDA:54,0,0,2
BRDA:54,0,1,1
BRF:2
BRH:2
end_of_record
TN:
SF:/Users/home/workspace/current/overwatch-ui/src/components/Slider/OwSlider.vue
FN:36,(anonymous_0)
FNF:1
FNH:1
FNDA:3,(anonymous_0)
DA:37,3
LF:1
LH:1
BRF:0
BRH:0
end_of_record
TN:
SF:/Users/home/workspace/current/overwatch-ui/tests/unit/Label/OwLabel.spec.js
FN:7,(anonymous_0)
FN:8,(anonymous_1)
FN:12,(anonymous_2)
FN:23,(anonymous_3)
FN:33,(anonymous_4)
FNF:5
FNH:5
FNDA:1,(anonymous_0)
FNDA:1,(anonymous_1)
FNDA:1,(anonymous_2)
FNDA:1,(anonymous_3)
FNDA:1,(anonymous_4)
DA:7,1
DA:8,1
DA:9,1
DA:10,1
DA:12,1
DA:13,1
DA:21,1
DA:23,1
DA:24,1
DA:33,1
DA:34,1
DA:35,1
DA:36,1
LF:13
LH:13
BRF:0
BRH:0
end_of_record
TN:
SF:/Users/home/workspace/current/overwatch-ui/src/components/Layout/OwCol.vue
FN:8,(anonymous_0)
FN:11,(anonymous_1)
FN:25,(anonymous_2)
FN:29,(anonymous_3)
FN:32,(anonymous_4)
FN:44,(anonymous_5)
FNF:6
FNH:6
FNDA:7,(anonymous_0)
FNDA:10,(anonymous_1)
FNDA:8,(anonymous_2)
FNDA:8,(anonymous_3)
FNDA:24,(anonymous_4)
FNDA:10,(anonymous_5)
DA:8,2
DA:9,7
DA:10,7
DA:11,7
DA:12,10
DA:13,0
DA:16,7
DA:26,8
DA:30,8
DA:31,8
DA:32,8
DA:33,24
DA:34,7
DA:35,7
DA:37,7
DA:38,3
DA:42,8
DA:45,10
LF:18
LH:17
BRDA:12,0,0,0
BRDA:12,0,1,10
BRDA:33,1,0,7
BRDA:33,1,1,17
BRDA:34,2,0,7
BRDA:34,2,1,0
BRDA:37,3,0,3
BRDA:37,3,1,4
BRF:8
BRH:6
end_of_record
TN:
SF:/Users/home/workspace/current/overwatch-ui/tests/unit/Layout/OwCol.spec.js
FN:11,(anonymous_0)
FN:13,(anonymous_1)
FN:18,(anonymous_2)
FN:19,(anonymous_3)
FN:27,(anonymous_4)
FN:35,(anonymous_5)
FNF:6
FNH:6
FNDA:1,(anonymous_0)
FNDA:1,(anonymous_1)
FNDA:1,(anonymous_2)
FNDA:1,(anonymous_3)
FNDA:1,(anonymous_4)
FNDA:1,(anonymous_5)
DA:5,1
DA:11,1
DA:13,1
DA:14,1
DA:15,1
DA:18,1
DA:19,1
DA:20,1
DA:21,1
DA:24,1
DA:25,1
DA:27,1
DA:28,1
DA:29,1
DA:32,1
DA:33,1
DA:35,1
DA:36,1
DA:37,1
DA:40,1
DA:41,1
LF:21
LH:21
BRF:0
BRH:0
end_of_record
TN:
SF:/Users/home/workspace/current/overwatch-ui/src/components/Layout/OwContent.vue
FNF:0
FNH:0
LF:0
LH:0
BRF:0
BRH:0
end_of_record
TN:
SF:/Users/home/workspace/current/overwatch-ui/tests/unit/Layout/OwContent.spec.js
FN:9,(anonymous_0)
FN:10,(anonymous_1)
FN:15,(anonymous_2)
FNF:3
FNH:3
FNDA:1,(anonymous_0)
FNDA:1,(anonymous_1)
FNDA:1,(anonymous_2)
DA:5,1
DA:9,1
DA:10,1
DA:11,1
DA:12,1
DA:15,1
DA:16,1
DA:17,1
DA:23,1
LF:9
LH:9
BRF:0
BRH:0
end_of_record
TN:
SF:/Users/home/workspace/current/overwatch-ui/src/components/Layout/OwFooter.vue
FNF:0
FNH:0
LF:0
LH:0
BRF:0
BRH:0
end_of_record
TN:
SF:/Users/home/workspace/current/overwatch-ui/tests/unit/Layout/OwFooter.spec.js
FN:9,(anonymous_0)
FN:10,(anonymous_1)
FN:15,(anonymous_2)
FNF:3
FNH:3
FNDA:1,(anonymous_0)
FNDA:1,(anonymous_1)
FNDA:1,(anonymous_2)
DA:5,1
DA:9,1
DA:10,1
DA:11,1
DA:12,1
DA:15,1
DA:16,1
DA:17,1
DA:23,1
LF:9
LH:9
BRF:0
BRH:0
end_of_record
TN:
SF:/Users/home/workspace/current/overwatch-ui/src/components/Layout/OwHeader.vue
FNF:0
FNH:0
LF:0
LH:0
BRF:0
BRH:0
end_of_record
TN:
SF:/Users/home/workspace/current/overwatch-ui/tests/unit/Layout/OwHeader.spec.js
FN:9,(anonymous_0)
FN:10,(anonymous_1)
FN:15,(anonymous_2)
FNF:3
FNH:3
FNDA:1,(anonymous_0)
FNDA:1,(anonymous_1)
FNDA:1,(anonymous_2)
DA:5,1
DA:9,1
DA:10,1
DA:11,1
DA:12,1
DA:15,1
DA:16,1
DA:17,1
DA:23,1
LF:9
LH:9
BRF:0
BRH:0
end_of_record
TN:
SF:/Users/home/workspace/current/overwatch-ui/src/components/Layout/OwLayout.vue
FN:10,(anonymous_0)
FN:16,(anonymous_1)
FN:23,(anonymous_2)
FN:24,(anonymous_3)
FNF:4
FNH:4
FNDA:3,(anonymous_0)
FNDA:4,(anonymous_1)
FNDA:3,(anonymous_2)
FNDA:1,(anonymous_3)
DA:11,3
DA:17,4
DA:24,3
DA:25,1
DA:26,1
LF:5
LH:5
BRDA:25,0,0,1
BRDA:25,0,1,0
BRF:2
BRH:1
end_of_record
TN:
SF:/Users/home/workspace/current/overwatch-ui/src/components/Layout/OwSider.vue
FNF:0
FNH:0
LF:0
LH:0
BRF:0
BRH:0
end_of_record
TN:
SF:/Users/home/workspace/current/overwatch-ui/tests/unit/Layout/OwLayout.spec.js
FN:11,(anonymous_0)
FN:12,(anonymous_1)
FN:17,(anonymous_2)
FN:28,(anonymous_3)
FN:36,(anonymous_4)
FNF:5
FNH:5
FNDA:1,(anonymous_0)
FNDA:1,(anonymous_1)
FNDA:1,(anonymous_2)
FNDA:1,(anonymous_3)
FNDA:1,(anonymous_4)
DA:7,1
DA:11,1
DA:12,1
DA:13,1
DA:14,1
DA:17,1
DA:18,1
DA:19,1
DA:25,1
DA:28,1
DA:29,1
DA:36,1
DA:37,1
DA:38,1
LF:14
LH:14
BRF:0
BRH:0
end_of_record
TN:
SF:/Users/home/workspace/current/overwatch-ui/src/components/Layout/OwRow.vue
FN:17,(anonymous_0)
FN:22,(anonymous_1)
FN:24,(anonymous_2)
FN:29,(anonymous_3)
FN:35,(anonymous_4)
FNF:5
FNH:4
FNDA:0,(anonymous_0)
FNDA:3,(anonymous_1)
FNDA:4,(anonymous_2)
FNDA:6,(anonymous_3)
FNDA:3,(anonymous_4)
DA:18,0
DA:24,3
DA:25,4
DA:30,6
DA:36,3
LF:5
LH:4
BRDA:32,0,0,6
BRDA:32,0,1,3
BRF:2
BRH:2
end_of_record
TN:
SF:/Users/home/workspace/current/overwatch-ui/tests/unit/Layout/OwRow.spec.js
FN:13,(anonymous_0)
FN:15,(anonymous_1)
FN:20,(anonymous_2)
FN:21,(anonymous_3)
FN:37,(anonymous_4)
FN:42,(anonymous_5)
FN:57,(anonymous_6)
FNF:7
FNH:7
FNDA:1,(anonymous_0)
FNDA:1,(anonymous_1)
FNDA:1,(anonymous_2)
FNDA:1,(anonymous_3)
FNDA:1,(anonymous_4)
FNDA:1,(anonymous_5)
FNDA:3,(anonymous_6)
DA:8,1
DA:13,1
DA:15,1
DA:16,1
DA:17,1
DA:20,1
DA:21,1
DA:22,1
DA:23,1
DA:37,1
DA:38,1
DA:39,1
DA:42,1
DA:43,1
DA:44,1
DA:57,1
DA:58,3
DA:59,3
LF:18
LH:18
BRF:0
BRH:0
end_of_record
TN:
SF:/Users/home/workspace/current/overwatch-ui/tests/unit/Layout/OwSider.spec.js
FN:10,(anonymous_0)
FN:11,(anonymous_1)
FN:16,(anonymous_2)
FN:26,(anonymous_3)
FNF:4
FNH:4
FNDA:1,(anonymous_0)
FNDA:1,(anonymous_1)
FNDA:1,(anonymous_2)
FNDA:1,(anonymous_3)
DA:5,1
DA:10,1
DA:11,1
DA:12,1
DA:13,1
DA:16,1
DA:17,1
DA:18,1
DA:24,1
DA:26,1
DA:27,1
DA:28,1
DA:33,1
LF:13
LH:13
BRF:0
BRH:0
end_of_record
TN:
SF:/Users/home/workspace/current/overwatch-ui/src/components/Nav/OwNav.vue
FN:10,(anonymous_0)
FN:27,(anonymous_1)
FN:33,(anonymous_2)
FN:38,(anonymous_3)
FN:42,(anonymous_4)
FN:45,(anonymous_5)
FN:46,(anonymous_6)
FN:50,(anonymous_7)
FN:51,(anonymous_8)
FN:52,(anonymous_9)
FNF:10
FNH:9
FNDA:4,(anonymous_0)
FNDA:4,(anonymous_1)
FNDA:4,(anonymous_2)
FNDA:0,(anonymous_3)
FNDA:21,(anonymous_4)
FNDA:4,(anonymous_5)
FNDA:21,(anonymous_6)
FNDA:4,(anonymous_7)
FNDA:21,(anonymous_8)
FNDA:1,(anonymous_9)
DA:11,4
DA:28,4
DA:34,4
DA:36,4
DA:39,0
DA:43,21
DA:46,4
DA:47,21
DA:51,4
DA:52,21
DA:53,1
LF:11
LH:10
BRF:0
BRH:0
end_of_record
TN:
SF:/Users/home/workspace/current/overwatch-ui/src/components/Nav/OwNavItem.vue
FN:20,(anonymous_0)
FN:26,(anonymous_1)
FN:34,(anonymous_2)
FNF:3
FNH:3
FNDA:21,(anonymous_0)
FNDA:1,(anonymous_1)
FNDA:21,(anonymous_2)
DA:21,21
DA:28,1
DA:30,1
DA:31,1
DA:35,21
LF:5
LH:5
BRDA:30,0,0,1
BRDA:30,0,1,1
BRF:2
BRH:2
end_of_record
TN:
SF:/Users/home/workspace/current/overwatch-ui/src/components/Nav/OwSubNav.vue
FN:39,(anonymous_0)
FN:45,(anonymous_1)
FN:56,(anonymous_2)
FN:59,(anonymous_3)
FN:62,(anonymous_4)
FN:68,(anonymous_5)
FN:76,(anonymous_6)
FN:80,(anonymous_7)
FN:83,(anonymous_8)
FN:89,(anonymous_9)
FN:93,(anonymous_10)
FNF:11
FNH:5
FNDA:9,(anonymous_0)
FNDA:15,(anonymous_1)
FNDA:14,(anonymous_2)
FNDA:1,(anonymous_3)
FNDA:1,(anonymous_4)
FNDA:0,(anonymous_5)
FNDA:0,(anonymous_6)
FNDA:0,(anonymous_7)
FNDA:0,(anonymous_8)
FNDA:0,(anonymous_9)
FNDA:0,(anonymous_10)
DA:40,9
DA:46,15
DA:57,14
DA:60,1
DA:63,1
DA:64,1
DA:65,0
DA:69,0
DA:71,0
DA:72,0
DA:74,0
DA:75,0
DA:76,0
DA:77,0
DA:81,0
DA:84,0
DA:85,0
DA:87,0
DA:88,0
DA:89,0
DA:90,0
DA:94,0
LF:22
LH:6
BRDA:64,0,0,0
BRDA:64,0,1,1
BRF:2
BRH:1
end_of_record
TN:
SF:/Users/home/workspace/current/overwatch-ui/tests/unit/Nav/OwNav.spec.js
FN:31,(anonymous_0)
FN:32,(anonymous_1)
FN:37,(anonymous_2)
FN:47,(anonymous_3)
FN:53,(anonymous_4)
FN:68,(anonymous_5)
FNF:6
FNH:6
FNDA:1,(anonymous_0)
FNDA:1,(anonymous_1)
FNDA:1,(anonymous_2)
FNDA:1,(anonymous_3)
FNDA:1,(anonymous_4)
FNDA:1,(anonymous_5)
DA:9,1
DA:11,1
DA:31,1
DA:32,1
DA:33,1
DA:34,1
DA:37,1
DA:38,1
DA:47,1
DA:48,1
DA:49,1
DA:53,1
DA:54,1
DA:64,1
DA:65,1
DA:68,1
DA:69,1
DA:70,1
DA:82,1
DA:83,1
LF:20
LH:20
BRF:0
BRH:0
end_of_record
TN:
SF:/Users/home/workspace/current/overwatch-ui/src/components/Pager/OwPager.vue
FN:50,(anonymous_0)
FN:56,(anonymous_1)
FN:57,(anonymous_2)
FN:58,(anonymous_3)
FN:69,(anonymous_4)
FNF:5
FNH:5
FNDA:4,(anonymous_0)
FNDA:23,(anonymous_1)
FNDA:33,(anonymous_2)
FNDA:19,(anonymous_3)
FNDA:1,(anonymous_4)
DA:51,4
DA:56,23
DA:57,33
DA:59,19
DA:60,19
DA:61,19
DA:70,1
DA:71,1
LF:8
LH:8
BRDA:56,0,0,23
BRDA:56,0,1,21
BRDA:60,1,0,19
BRDA:60,1,1,15
BRDA:60,1,2,3
BRDA:70,2,0,1
BRDA:70,2,1,0
BRDA:70,3,0,1
BRDA:70,3,1,1
BRF:9
BRH:8
end_of_record
TN:
SF:/Users/home/workspace/current/overwatch-ui/tests/unit/Pager/OwPager.spec.js
FN:5,(anonymous_0)
FN:7,(anonymous_1)
FN:17,(anonymous_2)
FN:18,(anonymous_3)
FN:27,(anonymous_4)
FN:40,(anonymous_5)
FN:41,(anonymous_6)
FN:48,(anonymous_7)
FNF:8
FNH:8
FNDA:1,(anonymous_0)
FNDA:1,(anonymous_1)
FNDA:1,(anonymous_2)
FNDA:1,(anonymous_3)
FNDA:1,(anonymous_4)
FNDA:1,(anonymous_5)
FNDA:1,(anonymous_6)
FNDA:1,(anonymous_7)
DA:5,1
DA:7,1
DA:8,1
DA:14,1
DA:17,1
DA:18,1
DA:19,1
DA:25,1
DA:27,1
DA:28,1
DA:36,1
DA:40,1
DA:41,1
DA:42,1
DA:49,1
DA:50,1
DA:54,1
LF:17
LH:17
BRF:0
BRH:0
end_of_record
TN:
SF:/Users/home/workspace/current/overwatch-ui/src/components/Popover/OwPopover.vue
FN:27,(anonymous_0)
FN:34,(anonymous_1)
FN:39,(anonymous_2)
FN:45,(anonymous_3)
FN:49,(anonymous_4)
FN:52,(anonymous_5)
FN:62,(anonymous_6)
FN:71,(anonymous_7)
FN:100,(anonymous_8)
FN:114,(anonymous_9)
FN:117,(anonymous_10)
FN:124,(anonymous_11)
FN:130,(anonymous_12)
FNF:13
FNH:11
FNDA:4,(anonymous_0)
FNDA:4,(anonymous_1)
FNDA:4,(anonymous_2)
FNDA:2,(anonymous_3)
FNDA:4,(anonymous_4)
FNDA:1,(anonymous_5)
FNDA:4,(anonymous_6)
FNDA:2,(anonymous_7)
FNDA:0,(anonymous_8)
FNDA:2,(anonymous_9)
FNDA:2,(anonymous_10)
FNDA:0,(anonymous_11)
FNDA:1,(anonymous_12)
DA:28,4
DA:35,4
DA:40,4
DA:46,2
DA:50,4
DA:53,1
DA:54,1
DA:57,0
DA:58,0
DA:63,4
DA:64,3
DA:67,1
DA:68,1
DA:73,2
DA:76,2
DA:77,2
DA:78,2
DA:79,2
DA:97,2
DA:98,2
DA:102,0
DA:105,0
DA:107,0
DA:110,0
DA:112,0
DA:115,2
DA:116,2
DA:117,2
DA:119,2
DA:121,2
DA:125,0
DA:126,0
DA:128,0
DA:132,1
DA:133,1
DA:134,0
DA:137,1
LF:37
LH:26
BRDA:53,0,0,1
BRDA:53,0,1,0
BRDA:63,1,0,3
BRDA:63,1,1,1
BRDA:102,2,0,0
BRDA:102,2,1,0
BRDA:102,3,0,0
BRDA:102,3,1,0
BRDA:102,3,2,0
BRDA:107,4,0,0
BRDA:107,4,1,0
BRDA:107,5,0,0
BRDA:107,5,1,0
BRDA:107,5,2,0
BRDA:132,6,0,1
BRDA:132,6,1,0
BRDA:133,7,0,0
BRDA:133,7,1,1
BRF:18
BRH:5
end_of_record
TN:
SF:/Users/home/workspace/current/overwatch-ui/tests/unit/Popover/OwPopover.spec.js
FN:13,(anonymous_0)
FN:14,(anonymous_1)
FN:18,(anonymous_2)
FN:34,(anonymous_3)
FN:49,(anonymous_4)
FNF:5
FNH:5
FNDA:1,(anonymous_0)
FNDA:1,(anonymous_1)
FNDA:1,(anonymous_2)
FNDA:1,(anonymous_3)
FNDA:1,(anonymous_4)
DA:6,1
DA:13,1
DA:14,1
DA:15,1
DA:16,1
DA:18,1
DA:19,1
DA:31,1
DA:32,1
DA:34,1
DA:35,1
DA:46,1
DA:47,1
DA:49,1
DA:50,1
DA:62,1
DA:63,1
LF:17
LH:17
BRF:0
BRH:0
end_of_record
TN:
SF:/Users/home/workspace/current/overwatch-ui/src/components/Select/OwOption.vue
FN:36,(anonymous_0)
FNF:1
FNH:1
FNDA:20,(anonymous_0)
DA:37,20
LF:1
LH:1
BRF:0
BRH:0
end_of_record
TN:
SF:/Users/home/workspace/current/overwatch-ui/src/components/Select/OwSelect.vue
FN:53,(anonymous_0)
FN:59,(anonymous_1)
FN:60,(anonymous_2)
FN:63,(anonymous_3)
FN:68,(anonymous_4)
FN:77,(anonymous_5)
FN:80,(anonymous_6)
FN:83,(anonymous_7)
FN:91,(anonymous_8)
FNF:9
FNH:9
FNDA:5,(anonymous_0)
FNDA:5,(anonymous_1)
FNDA:25,(anonymous_2)
FNDA:5,(anonymous_3)
FNDA:4,(anonymous_4)
FNDA:4,(anonymous_5)
FNDA:2,(anonymous_6)
FNDA:5,(anonymous_7)
FNDA:2,(anonymous_8)
DA:54,5
DA:60,25
DA:61,5
DA:64,5
DA:69,4
DA:78,4
DA:81,2
DA:84,5
DA:85,1
DA:88,4
DA:92,2
DA:93,1
DA:95,1
DA:96,1
DA:98,1
LF:15
LH:15
BRDA:61,0,0,0
BRDA:61,0,1,5
BRDA:61,1,0,5
BRDA:61,1,1,0
BRDA:84,2,0,1
BRDA:84,2,1,4
BRDA:92,3,0,1
BRDA:92,3,1,1
BRDA:92,4,0,2
BRDA:92,4,1,2
BRF:10
BRH:8
end_of_record
TN:
SF:/Users/home/workspace/current/overwatch-ui/tests/unit/Select/OwSelect.spec.js
FN:36,(anonymous_0)
FN:38,(anonymous_1)
FN:48,(anonymous_2)
FN:49,(anonymous_3)
FN:59,(anonymous_4)
FN:70,(anonymous_5)
FN:77,(anonymous_6)
FN:86,(anonymous_7)
FN:99,(anonymous_8)
FNF:9
FNH:9
FNDA:1,(anonymous_0)
FNDA:1,(anonymous_1)
FNDA:1,(anonymous_2)
FNDA:1,(anonymous_3)
FNDA:1,(anonymous_4)
FNDA:1,(anonymous_5)
FNDA:1,(anonymous_6)
FNDA:1,(anonymous_7)
FNDA:1,(anonymous_8)
DA:8,1
DA:36,1
DA:38,1
DA:39,1
DA:45,1
DA:48,1
DA:49,1
DA:50,1
DA:56,1
DA:57,1
DA:59,1
DA:60,1
DA:66,1
DA:67,1
DA:68,1
DA:70,1
DA:71,1
DA:78,1
DA:79,1
DA:83,1
DA:84,1
DA:86,1
DA:87,1
DA:88,1
DA:97,1
DA:98,1
DA:99,1
DA:100,1
DA:101,1
LF:29
LH:29
BRF:0
BRH:0
end_of_record
TN:
SF:/Users/home/workspace/current/overwatch-ui/tests/unit/Slider/OwSlider.spec.js
FN:5,(anonymous_0)
FN:6,(anonymous_1)
FNF:2
FNH:2
FNDA:1,(anonymous_0)
FNDA:1,(anonymous_1)
DA:5,1
DA:6,1
DA:7,1
DA:8,1
LF:4
LH:4
BRF:0
BRH:0
end_of_record
TN:
SF:/Users/home/workspace/current/overwatch-ui/src/components/Switch/OwSwitchItem.vue
FN:22,(anonymous_0)
FN:28,(anonymous_1)
FNF:2
FNH:2
FNDA:15,(anonymous_0)
FNDA:30,(anonymous_1)
DA:23,15
DA:29,30
LF:2
LH:2
BRF:0
BRH:0
end_of_record
TN:
SF:/Users/home/workspace/current/overwatch-ui/src/components/Switch/OwSwitch.vue
FN:43,(anonymous_0)
FN:49,(anonymous_1)
FN:54,(anonymous_2)
FN:55,(anonymous_3)
FN:57,(anonymous_4)
FN:65,(anonymous_5)
FN:68,(anonymous_6)
FN:74,(anonymous_7)
FN:82,(anonymous_8)
FN:90,(anonymous_9)
FN:91,(anonymous_10)
FN:96,(anonymous_11)
FN:99,(anonymous_12)
FNF:13
FNH:13
FNDA:6,(anonymous_0)
FNDA:6,(anonymous_1)
FNDA:6,(anonymous_2)
FNDA:30,(anonymous_3)
FNDA:6,(anonymous_4)
FNDA:6,(anonymous_5)
FNDA:6,(anonymous_6)
FNDA:2,(anonymous_7)
FNDA:2,(anonymous_8)
FNDA:7,(anonymous_9)
FNDA:21,(anonymous_10)
FNDA:6,(anonymous_11)
FNDA:1,(anonymous_12)
DA:44,6
DA:50,6
DA:55,30
DA:58,6
DA:59,12
DA:60,5
DA:63,1
DA:66,6
DA:69,6
DA:75,2
DA:76,2
DA:77,1
DA:79,1
DA:80,1
DA:83,2
DA:84,2
DA:85,1
DA:87,1
DA:88,1
DA:91,7
DA:92,21
DA:97,6
DA:100,1
LF:23
LH:23
BRDA:59,0,0,5
BRDA:59,0,1,7
BRDA:66,1,0,2
BRDA:66,1,1,4
BRDA:69,2,0,1
BRDA:69,2,1,5
BRDA:76,3,0,1
BRDA:76,3,1,1
BRDA:84,4,0,1
BRDA:84,4,1,1
BRF:10
BRH:10
end_of_record
TN:
SF:/Users/home/workspace/current/overwatch-ui/tests/unit/Switch/OwSwitch.spec.js
FN:26,(anonymous_0)
FN:27,(anonymous_1)
FN:36,(anonymous_2)
FN:43,(anonymous_3)
FN:51,(anonymous_4)
FN:58,(anonymous_5)
FN:66,(anonymous_6)
FN:80,(anonymous_7)
FN:94,(anonymous_8)
FNF:9
FNH:9
FNDA:1,(anonymous_0)
FNDA:1,(anonymous_1)
FNDA:1,(anonymous_2)
FNDA:1,(anonymous_3)
FNDA:1,(anonymous_4)
FNDA:1,(anonymous_5)
FNDA:1,(anonymous_6)
FNDA:1,(anonymous_7)
FNDA:1,(anonymous_8)
DA:9,1
DA:26,1
DA:27,1
DA:28,1
DA:34,1
DA:36,1
DA:37,1
DA:44,1
DA:45,1
DA:49,1
DA:51,1
DA:52,1
DA:59,1
DA:60,1
DA:64,1
DA:66,1
DA:67,1
DA:68,1
DA:77,1
DA:78,1
DA:80,1
DA:81,1
DA:82,1
DA:91,1
DA:92,1
DA:94,1
DA:95,1
DA:101,1
LF:28
LH:28
BRF:0
BRH:0
end_of_record
TN:
SF:/Users/home/workspace/current/overwatch-ui/src/components/Table/OwTable.vue
FN:102,(anonymous_0)
FN:117,(anonymous_1)
FN:122,(anonymous_2)
FN:123,(anonymous_3)
FN:142,(anonymous_4)
FN:148,(anonymous_5)
FN:149,(anonymous_6)
FN:150,(anonymous_7)
FN:161,(anonymous_8)
FN:179,(anonymous_9)
FN:182,(anonymous_10)
FN:185,(anonymous_11)
FN:193,(anonymous_12)
FN:198,(anonymous_13)
FN:201,(anonymous_14)
FN:202,(anonymous_15)
FN:204,(anonymous_16)
FN:217,(anonymous_17)
FN:224,(anonymous_18)
FN:229,(anonymous_19)
FN:244,(anonymous_20)
FN:252,(anonymous_21)
FN:255,(anonymous_22)
FN:268,(anonymous_23)
FN:275,(anonymous_24)
FN:282,(anonymous_25)
FN:287,(anonymous_26)
FNF:27
FNH:12
FNDA:0,(anonymous_0)
FNDA:2,(anonymous_1)
FNDA:2,(anonymous_2)
FNDA:4,(anonymous_3)
FNDA:2,(anonymous_4)
FNDA:0,(anonymous_5)
FNDA:0,(anonymous_6)
FNDA:0,(anonymous_7)
FNDA:1,(anonymous_8)
FNDA:0,(anonymous_9)
FNDA:0,(anonymous_10)
FNDA:0,(anonymous_11)
FNDA:0,(anonymous_12)
FNDA:0,(anonymous_13)
FNDA:0,(anonymous_14)
FNDA:0,(anonymous_15)
FNDA:0,(anonymous_16)
FNDA:2,(anonymous_17)
FNDA:2,(anonymous_18)
FNDA:2,(anonymous_19)
FNDA:1,(anonymous_20)
FNDA:17,(anonymous_21)
FNDA:2,(anonymous_22)
FNDA:0,(anonymous_23)
FNDA:0,(anonymous_24)
FNDA:2,(anonymous_25)
FNDA:0,(anonymous_26)
DA:102,0
DA:117,2
DA:123,4
DA:143,2
DA:149,0
DA:150,0
DA:151,0
DA:152,0
DA:154,0
DA:155,0
DA:156,0
DA:159,0
DA:162,1
DA:163,1
DA:164,0
DA:166,1
DA:167,0
DA:169,1
DA:170,1
DA:172,1
DA:173,0
DA:175,1
DA:180,0
DA:183,0
DA:186,0
DA:187,0
DA:189,0
DA:193,0
DA:196,0
DA:199,0
DA:202,0
DA:205,0
DA:206,0
DA:207,0
DA:209,0
DA:210,0
DA:213,0
DA:215,0
DA:219,2
DA:220,2
DA:222,2
DA:225,2
DA:227,2
DA:231,2
DA:234,2
DA:236,2
DA:239,2
DA:242,2
DA:245,1
DA:246,0
DA:249,1
DA:253,17
DA:256,2
DA:258,0
DA:261,0
DA:262,0
DA:263,0
DA:264,0
DA:267,0
DA:268,0
DA:269,0
DA:276,0
DA:283,2
DA:285,2
DA:288,0
LF:65
LH:26
BRDA:151,0,0,0
BRDA:151,0,1,0
BRDA:155,1,0,0
BRDA:155,1,1,0
BRDA:163,2,0,0
BRDA:163,2,1,1
BRDA:166,3,0,0
BRDA:166,3,1,1
BRDA:169,4,0,1
BRDA:169,4,1,0
BRDA:172,5,0,0
BRDA:172,5,1,1
BRDA:180,6,0,0
BRDA:180,6,1,0
BRDA:183,7,0,0
BRDA:183,7,1,0
BRDA:187,8,0,0
BRDA:187,8,1,0
BRDA:199,9,0,0
BRDA:199,9,1,0
BRDA:206,10,0,0
BRDA:206,10,1,0
BRDA:209,11,0,0
BRDA:209,11,1,0
BRDA:245,12,0,0
BRDA:245,12,1,1
BRDA:256,13,0,0
BRDA:256,13,1,2
BRDA:276,14,0,0
BRDA:276,14,1,0
BRF:30
BRH:6
end_of_record
TN:
SF:/Users/home/workspace/current/overwatch-ui/tests/unit/Table/OwTable.spec.js
FN:5,(anonymous_0)
FN:6,(anonymous_1)
FN:17,(anonymous_2)
FNF:3
FNH:3
FNDA:1,(anonymous_0)
FNDA:1,(anonymous_1)
FNDA:1,(anonymous_2)
DA:5,1
DA:6,1
DA:7,1
DA:14,1
DA:17,1
DA:18,1
DA:35,1
DA:37,1
DA:38,1
LF:9
LH:9
BRF:0
BRH:0
end_of_record
TN:
SF:/Users/home/workspace/current/overwatch-ui/src/components/Tabs/OwTabs.vue
FN:18,(anonymous_0)
FN:23,(anonymous_1)
FN:28,(anonymous_2)
FN:33,(anonymous_3)
FN:36,(anonymous_4)
FNF:5
FNH:5
FNDA:3,(anonymous_0)
FNDA:3,(anonymous_1)
FNDA:3,(anonymous_2)
FNDA:3,(anonymous_3)
FNDA:3,(anonymous_4)
DA:19,3
DA:24,3
DA:29,3
DA:30,3
DA:34,3
DA:37,3
DA:38,0
LF:7
LH:6
BRDA:37,0,0,0
BRDA:37,0,1,3
BRDA:38,1,0,0
BRDA:38,1,1,0
BRDA:38,1,2,0
BRF:5
BRH:1
end_of_record
TN:
SF:/Users/home/workspace/current/overwatch-ui/src/components/Tabs/OwTabsHead.vue
FNF:0
FNH:0
LF:0
LH:0
BRF:0
BRH:0
end_of_record
TN:
SF:/Users/home/workspace/current/overwatch-ui/src/components/Tabs/OwTabsBody.vue
FNF:0
FNH:0
LF:0
LH:0
BRF:0
BRH:0
end_of_record
TN:
SF:/Users/home/workspace/current/overwatch-ui/src/components/Tabs/OwTabsItem.vue
FN:20,(anonymous_0)
FN:26,(anonymous_1)
FN:30,(anonymous_2)
FN:32,(anonymous_3)
FN:38,(anonymous_4)
FNF:5
FNH:5
FNDA:9,(anonymous_0)
FNDA:13,(anonymous_1)
FNDA:9,(anonymous_2)
FNDA:12,(anonymous_3)
FNDA:1,(anonymous_4)
DA:21,9
DA:27,13
DA:31,9
DA:32,9
DA:33,12
DA:39,1
LF:6
LH:6
BRDA:31,0,0,9
BRDA:31,0,1,0
BRDA:39,1,0,1
BRDA:39,1,1,1
BRF:4
BRH:3
end_of_record
TN:
SF:/Users/home/workspace/current/overwatch-ui/src/components/Tabs/OwTabsPane.vue
FN:17,(anonymous_0)
FN:23,(anonymous_1)
FN:27,(anonymous_2)
FN:28,(anonymous_3)
FNF:4
FNH:4
FNDA:9,(anonymous_0)
FNDA:13,(anonymous_1)
FNDA:9,(anonymous_2)
FNDA:12,(anonymous_3)
DA:18,9
DA:24,13
DA:28,9
DA:29,12
LF:4
LH:4
BRF:0
BRH:0
end_of_record
TN:
SF:/Users/home/workspace/current/overwatch-ui/tests/unit/Tabs/OwTabs.spec.js
FN:24,(anonymous_0)
FN:26,(anonymous_1)
FN:36,(anonymous_2)
FN:37,(anonymous_3)
FNF:4
FNH:4
FNDA:1,(anonymous_0)
FNDA:1,(anonymous_1)
FNDA:1,(anonymous_2)
FNDA:1,(anonymous_3)
DA:9,1
DA:24,1
DA:26,1
DA:27,1
DA:28,1
DA:33,1
DA:36,1
DA:37,1
DA:38,1
DA:40,1
DA:46,1
DA:47,1
LF:12
LH:12
BRF:0
BRH:0
end_of_record
TN:
SF:/Users/home/workspace/current/overwatch-ui/tests/unit/Tabs/OwTabsBody.spec.js
FNF:0
FNH:0
LF:0
LH:0
BRF:0
BRH:0
end_of_record
TN:
SF:/Users/home/workspace/current/overwatch-ui/tests/unit/Tabs/OwTabsHead.spec.js
FNF:0
FNH:0
LF:0
LH:0
BRF:0
BRH:0
end_of_record
TN:
SF:/Users/home/workspace/current/overwatch-ui/tests/unit/Tabs/OwTabsItem.spec.js
FN:24,(anonymous_0)
FN:26,(anonymous_1)
FN:36,(anonymous_2)
FN:37,(anonymous_3)
FNF:4
FNH:4
FNDA:1,(anonymous_0)
FNDA:1,(anonymous_1)
FNDA:1,(anonymous_2)
FNDA:1,(anonymous_3)
DA:9,1
DA:24,1
DA:26,1
DA:27,1
DA:28,1
DA:33,1
DA:36,1
DA:37,1
LF:8
LH:8
BRF:0
BRH:0
end_of_record
TN:
SF:/Users/home/workspace/current/overwatch-ui/tests/unit/Tabs/OwTabsPane.spec.js
FNF:0
FNH:0
LF:0
LH:0
BRF:0
BRH:0
end_of_record
TN:
SF:/Users/home/workspace/current/overwatch-ui/src/components/Uploader/OwUploader.vue
FN:56,(anonymous_0)
FN:60,(anonymous_1)
FN:73,(anonymous_2)
FN:79,(anonymous_3)
FN:89,(anonymous_4)
FN:93,(anonymous_5)
FN:101,(anonymous_6)
FN:110,(anonymous_7)
FN:121,(anonymous_8)
FN:131,(anonymous_9)
FN:138,(anonymous_10)
FN:144,(anonymous_11)
FN:150,(anonymous_12)
FN:154,(anonymous_13)
FN:169,(anonymous_14)
FN:171,(anonymous_15)
FN:184,(anonymous_16)
FN:185,(anonymous_17)
FN:198,(anonymous_18)
FN:201,(anonymous_19)
FN:210,(anonymous_20)
FNF:21
FNH:14
FNDA:0,(anonymous_0)
FNDA:0,(anonymous_1)
FNDA:1,(anonymous_2)
FNDA:10,(anonymous_3)
FNDA:1,(anonymous_4)
FNDA:1,(anonymous_5)
FNDA:0,(anonymous_6)
FNDA:1,(anonymous_7)
FNDA:1,(anonymous_8)
FNDA:1,(anonymous_9)
FNDA:1,(anonymous_10)
FNDA:1,(anonymous_11)
FNDA:0,(anonymous_12)
FNDA:1,(anonymous_13)
FNDA:1,(anonymous_14)
FNDA:1,(anonymous_15)
FNDA:0,(anonymous_16)
FNDA:0,(anonymous_17)
FNDA:1,(anonymous_18)
FNDA:0,(anonymous_19)
FNDA:1,(anonymous_20)
DA:60,0
DA:74,1
DA:80,10
DA:82,4
DA:84,2
DA:86,0
DA:91,1
DA:93,1
DA:94,1
DA:96,1
DA:99,1
DA:102,0
DA:103,0
DA:104,0
DA:105,0
DA:106,0
DA:107,0
DA:111,1
DA:112,1
DA:113,1
DA:114,1
DA:116,1
DA:117,1
DA:119,1
DA:123,1
DA:124,1
DA:125,0
DA:126,0
DA:131,1
DA:132,1
DA:135,1
DA:136,1
DA:139,1
DA:141,1
DA:142,1
DA:144,1
DA:145,1
DA:147,1
DA:149,1
DA:151,0
DA:155,1
DA:156,1
DA:160,1
DA:161,0
DA:165,1
DA:166,1
DA:171,1
DA:172,1
DA:174,1
DA:175,1
DA:176,1
DA:178,1
DA:179,1
DA:181,1
DA:182,1
DA:185,0
DA:186,0
DA:187,0
DA:188,0
DA:190,0
DA:191,0
DA:193,0
DA:194,0
DA:195,0
DA:199,1
DA:201,1
DA:202,0
DA:203,0
DA:204,0
DA:205,0
DA:208,1
DA:211,1
LF:72
LH:47
BRDA:80,0,0,4
BRDA:80,0,1,2
BRDA:80,0,2,0
BRDA:103,1,0,0
BRDA:103,1,1,0
BRDA:124,2,0,0
BRDA:124,2,1,1
BRDA:160,3,0,0
BRDA:160,3,1,1
BRDA:194,4,0,0
BRDA:194,4,1,0
BRF:11
BRH:4
end_of_record
TN:
SF:/Users/home/workspace/current/overwatch-ui/tests/unit/Uploader/OwUploader.spec.js
FN:8,(anonymous_0)
FN:9,(anonymous_1)
FN:13,(anonymous_2)
FN:14,(anonymous_3)
FN:15,(anonymous_4)
FN:28,(anonymous_5)
FN:38,(anonymous_6)
FN:41,(anonymous_7)
FNF:8
FNH:8
FNDA:1,(anonymous_0)
FNDA:1,(anonymous_1)
FNDA:1,(anonymous_2)
FNDA:1,(anonymous_3)
FNDA:1,(anonymous_4)
FNDA:1,(anonymous_5)
FNDA:3,(anonymous_6)
FNDA:1,(anonymous_7)
DA:8,1
DA:9,1
DA:10,1
DA:13,1
DA:14,1
DA:15,1
DA:16,1
DA:17,1
DA:18,1
DA:22,1
DA:29,1
DA:30,1
DA:39,3
DA:42,1
DA:43,1
DA:47,1
DA:48,1
DA:49,1
LF:18
LH:18
BRF:0
BRH:0
end_of_record
TN:
SF:/Users/home/workspace/current/overwatch-ui/src/plugins/OwValidator.js
FN:1,toObject
FN:9,(anonymous_1)
FN:11,(anonymous_2)
FN:14,(anonymous_3)
FN:16,(anonymous_4)
FN:30,(anonymous_5)
FN:32,(anonymous_6)
FN:47,(anonymous_7)
FN:52,(anonymous_8)
FN:60,(anonymous_9)
FN:65,(anonymous_10)
FN:74,(anonymous_11)
FNF:12
FNH:11
FNDA:11,toObject
FNDA:14,(anonymous_1)
FNDA:1,(anonymous_2)
FNDA:14,(anonymous_3)
FNDA:14,(anonymous_4)
FNDA:31,(anonymous_5)
FNDA:13,(anonymous_6)
FNDA:8,(anonymous_7)
FNDA:6,(anonymous_8)
FNDA:1,(anonymous_9)
FNDA:1,(anonymous_10)
FNDA:0,(anonymous_11)
DA:2,11
DA:3,10
DA:12,1
DA:15,14
DA:16,14
DA:17,14
DA:20,14
DA:21,8
DA:22,8
DA:23,2
DA:24,2
DA:25,2
DA:30,31
DA:32,12
DA:33,13
DA:34,12
DA:35,12
DA:36,9
DA:37,9
DA:41,1
DA:45,13
DA:48,8
DA:49,2
DA:53,6
DA:54,4
DA:56,6
DA:57,3
DA:61,1
DA:62,1
DA:66,1
DA:67,1
DA:76,0
LF:32
LH:31
BRDA:2,0,0,10
BRDA:2,0,1,1
BRDA:20,1,0,8
BRDA:20,1,1,6
BRDA:22,2,0,2
BRDA:22,2,1,6
BRDA:30,3,0,31
BRDA:30,3,1,19
BRDA:33,4,0,12
BRDA:33,4,1,1
BRDA:34,5,0,12
BRDA:34,5,1,12
BRDA:35,6,0,9
BRDA:35,6,1,3
BRDA:48,7,0,2
BRDA:48,7,1,6
BRDA:48,8,0,8
BRDA:48,8,1,7
BRDA:53,9,0,4
BRDA:53,9,1,2
BRDA:56,10,0,3
BRDA:56,10,1,3
BRDA:61,11,0,1
BRDA:61,11,1,0
BRDA:66,12,0,1
BRDA:66,12,1,0
BRF:26
BRH:24
end_of_record
TN:
SF:/Users/home/workspace/current/overwatch-ui/tests/unit/Validator/OwValidator.spec.js
FN:4,(anonymous_0)
FN:5,(anonymous_1)
FN:9,(anonymous_2)
FN:21,(anonymous_3)
FN:33,(anonymous_4)
FN:44,(anonymous_5)
FN:55,(anonymous_6)
FN:66,(anonymous_7)
FN:77,(anonymous_8)
FN:90,(anonymous_9)
FN:103,(anonymous_10)
FN:114,(anonymous_11)
FN:126,(anonymous_12)
FN:132,(anonymous_13)
FN:137,(anonymous_14)
FN:148,(anonymous_15)
FN:154,(anonymous_16)
FN:160,(anonymous_17)
FN:167,(anonymous_18)
FN:171,(anonymous_19)
FN:175,(anonymous_20)
FN:181,(anonymous_21)
FN:188,(anonymous_22)
FN:191,(anonymous_23)
FNF:24
FNH:23
FNDA:1,(anonymous_0)
FNDA:1,(anonymous_1)
FNDA:1,(anonymous_2)
FNDA:1,(anonymous_3)
FNDA:1,(anonymous_4)
FNDA:1,(anonymous_5)
FNDA:1,(anonymous_6)
FNDA:1,(anonymous_7)
FNDA:1,(anonymous_8)
FNDA:1,(anonymous_9)
FNDA:1,(anonymous_10)
FNDA:1,(anonymous_11)
FNDA:0,(anonymous_12)
FNDA:1,(anonymous_13)
FNDA:1,(anonymous_14)
FNDA:1,(anonymous_15)
FNDA:1,(anonymous_16)
FNDA:1,(anonymous_17)
FNDA:1,(anonymous_18)
FNDA:1,(anonymous_19)
FNDA:1,(anonymous_20)
FNDA:2,(anonymous_21)
FNDA:1,(anonymous_22)
FNDA:1,(anonymous_23)
DA:4,1
DA:5,1
DA:6,1
DA:9,1
DA:10,1
DA:13,1
DA:16,1
DA:17,1
DA:18,1
DA:21,1
DA:22,1
DA:25,1
DA:28,1
DA:29,1
DA:30,1
DA:33,1
DA:34,1
DA:37,1
DA:40,1
DA:41,1
DA:42,1
DA:44,1
DA:45,1
DA:48,1
DA:51,1
DA:52,1
DA:53,1
DA:55,1
DA:56,1
DA:59,1
DA:62,1
DA:63,1
DA:64,1
DA:66,1
DA:67,1
DA:70,1
DA:73,1
DA:74,1
DA:75,1
DA:77,1
DA:78,1
DA:81,1
DA:84,1
DA:85,1
DA:87,1
DA:88,1
DA:90,1
DA:91,1
DA:94,1
DA:97,1
DA:98,1
DA:100,1
DA:101,1
DA:103,1
DA:104,1
DA:107,1
DA:110,1
DA:111,1
DA:112,1
DA:114,1
DA:115,1
DA:118,1
DA:126,1
DA:127,0
DA:128,0
DA:130,1
DA:132,1
DA:133,1
DA:136,1
DA:137,1
DA:138,1
DA:139,1
DA:142,1
DA:147,1
DA:148,1
DA:149,1
DA:151,1
DA:152,1
DA:154,1
DA:155,1
DA:158,1
DA:159,1
DA:160,1
DA:161,1
DA:162,1
DA:165,1
DA:167,1
DA:168,1
DA:171,1
DA:172,1
DA:175,1
DA:176,1
DA:179,1
DA:180,1
DA:181,1
DA:182,2
DA:183,2
DA:186,1
DA:188,1
DA:189,1
DA:191,1
DA:192,1
LF:102
LH:100
BRDA:138,0,0,1
BRDA:138,0,1,0
BRDA:161,1,0,1
BRDA:161,1,1,0
BRDA:182,2,0,2
BRDA:182,2,1,0
BRF:6
BRH:3
end_of_record
TN:
SF:/Users/home/workspace/current/overwatch-ui/tests/unit/utils/utils.spec.js
FN:4,(anonymous_0)
FN:5,(anonymous_1)
FN:6,(anonymous_2)
FN:11,(anonymous_3)
FNF:4
FNH:4
FNDA:1,(anonymous_0)
FNDA:1,(anonymous_1)
FNDA:1,(anonymous_2)
FNDA:1,(anonymous_3)
DA:4,1
DA:5,1
DA:6,1
DA:7,1
DA:8,1
DA:11,1
DA:12,1
DA:21,1
LF:8
LH:8
BRF:0
BRH:0
end_of_record
